[20:46:07] [ServerMain/INFO]: Environment: authHost='https://authserver.mojang.com', accountsHost='https://api.mojang.com', sessionHost='https://sessionserver.mojang.com', servicesHost='https://api.minecraftservices.com', name='PROD'
[20:46:09] [ServerMain/WARN]: Ambiguity between arguments [teleport, location] and [teleport, destination] with inputs: [0.1 -0.5 .9, 0 0 0]
[20:46:09] [ServerMain/WARN]: Ambiguity between arguments [teleport, location] and [teleport, targets] with inputs: [0.1 -0.5 .9, 0 0 0]
[20:46:09] [ServerMain/WARN]: Ambiguity between arguments [teleport, destination] and [teleport, targets] with inputs: [Player, 0123, @e, dd12be42-52a9-4a91-a8a1-11c01849e498]
[20:46:09] [ServerMain/WARN]: Ambiguity between arguments [teleport, targets] and [teleport, destination] with inputs: [Player, 0123, dd12be42-52a9-4a91-a8a1-11c01849e498]
[20:46:09] [ServerMain/WARN]: Ambiguity between arguments [teleport, targets, location] and [teleport, targets, destination] with inputs: [0.1 -0.5 .9, 0 0 0]
[20:46:09] [Worker-Main-22/INFO]: Loaded 7 recipes
[20:46:10] [Worker-Main-22/INFO]: Loaded 1141 advancements
[20:46:14] [Server thread/INFO]: Starting minecraft server version 1.18.2
[20:46:14] [Server thread/INFO]: Loading properties
[20:46:14] [Server thread/INFO]: Default game type: SURVIVAL
[20:46:14] [Server thread/INFO]: Generating keypair
[20:46:15] [Server thread/INFO]: Starting Minecraft server on *:25565
[20:46:15] [Server thread/INFO]: Using default channel type
[20:46:15] [Server thread/INFO]: Preparing level "world"
[20:46:15] [Server thread/INFO]: Preparing start region for dimension minecraft:overworld
[20:46:20] [Worker-Main-16/INFO]: Preparing spawn area: 0%
[20:46:20] [Worker-Main-15/INFO]: Preparing spawn area: 0%
[20:46:20] [Worker-Main-12/INFO]: Preparing spawn area: 0%
[20:46:20] [Worker-Main-15/INFO]: Preparing spawn area: 0%
[20:46:20] [Worker-Main-15/INFO]: Preparing spawn area: 0%
[20:46:20] [Worker-Main-15/INFO]: Preparing spawn area: 0%
[20:46:20] [Worker-Main-15/INFO]: Preparing spawn area: 0%
[20:46:20] [Worker-Main-16/INFO]: Preparing spawn area: 0%
[20:46:20] [Worker-Main-12/INFO]: Preparing spawn area: 0%
[20:46:20] [Worker-Main-16/INFO]: Preparing spawn area: 0%
[20:46:20] [Worker-Main-16/INFO]: Preparing spawn area: 0%
[20:46:21] [Worker-Main-16/INFO]: Preparing spawn area: 0%
[20:46:21] [Worker-Main-12/INFO]: Preparing spawn area: 0%
[20:46:22] [Worker-Main-15/INFO]: Preparing spawn area: 0%
[20:46:22] [Worker-Main-15/INFO]: Preparing spawn area: 0%
[20:46:23] [Worker-Main-15/INFO]: Preparing spawn area: 0%
[20:46:23] [Worker-Main-12/INFO]: Preparing spawn area: 0%
[20:46:24] [Worker-Main-20/INFO]: Preparing spawn area: 0%
[20:46:24] [Worker-Main-15/INFO]: Preparing spawn area: 0%
[20:46:25] [Worker-Main-16/INFO]: Preparing spawn area: 0%
[20:46:25] [Worker-Main-21/INFO]: Preparing spawn area: 1%
[20:46:26] [Worker-Main-12/INFO]: Preparing spawn area: 1%
[20:46:26] [Worker-Main-17/INFO]: Preparing spawn area: 4%
[20:46:27] [Worker-Main-13/INFO]: Preparing spawn area: 13%
[20:46:27] [Worker-Main-12/INFO]: Preparing spawn area: 18%
[20:46:28] [Worker-Main-20/INFO]: Preparing spawn area: 19%
[20:46:28] [Worker-Main-13/INFO]: Preparing spawn area: 26%
[20:46:29] [Worker-Main-17/INFO]: Preparing spawn area: 52%
[20:46:29] [Worker-Main-15/INFO]: Preparing spawn area: 61%
[20:46:31] [Worker-Main-16/INFO]: Preparing spawn area: 66%
[20:46:31] [Worker-Main-16/INFO]: Preparing spawn area: 66%
[20:46:31] [Worker-Main-17/INFO]: Preparing spawn area: 66%
[20:46:31] [Worker-Main-17/INFO]: Preparing spawn area: 66%
[20:46:33] [Server thread/INFO]: Time elapsed: 17635 ms
[20:46:33] [Server thread/INFO]: Done (17.799s)! For help, type "help"
[20:46:35] [Server thread/WARN]: Can't keep up! Is the server overloaded? Running 2046ms or 40 ticks behind
